[2026-02-16T16:51:22.373+0000] {manager.py:470} INFO - Processing files using up to 1 processes at a time 
[2026-02-16T16:51:22.374+0000] {manager.py:471} INFO - Process each file at most once every 30 seconds
[2026-02-16T16:51:22.374+0000] {manager.py:472} INFO - Checking for new files in /opt/airflow/dags every 300 seconds
[2026-02-16T16:51:22.374+0000] {manager.py:737} INFO - Searching for files in /opt/airflow/dags
[2026-02-16T16:51:22.375+0000] {manager.py:740} INFO - There are 0 files in /opt/airflow/dags
[2026-02-16T16:56:22.448+0000] {manager.py:737} INFO - Searching for files in /opt/airflow/dags
[2026-02-16T16:56:22.450+0000] {manager.py:740} INFO - There are 0 files in /opt/airflow/dags
[2026-02-16T17:01:22.472+0000] {manager.py:737} INFO - Searching for files in /opt/airflow/dags
[2026-02-16T17:01:22.475+0000] {manager.py:740} INFO - There are 0 files in /opt/airflow/dags
[2026-02-16T17:06:22.786+0000] {manager.py:737} INFO - Searching for files in /opt/airflow/dags
[2026-02-16T17:06:22.788+0000] {manager.py:740} INFO - There are 0 files in /opt/airflow/dags
[2026-02-16T17:11:22.972+0000] {manager.py:737} INFO - Searching for files in /opt/airflow/dags
[2026-02-16T17:11:22.974+0000] {manager.py:740} INFO - There are 0 files in /opt/airflow/dags
[2026-02-16T17:16:23.147+0000] {manager.py:737} INFO - Searching for files in /opt/airflow/dags
[2026-02-16T17:16:23.149+0000] {manager.py:740} INFO - There are 0 files in /opt/airflow/dags
[2026-02-16T17:21:23.324+0000] {manager.py:737} INFO - Searching for files in /opt/airflow/dags
[2026-02-16T17:21:23.327+0000] {manager.py:740} INFO - There are 0 files in /opt/airflow/dags
[2026-02-16T17:26:23.520+0000] {manager.py:737} INFO - Searching for files in /opt/airflow/dags
[2026-02-16T17:26:23.522+0000] {manager.py:740} INFO - There are 0 files in /opt/airflow/dags
[2026-02-16T17:30:23.009+0000] {manager.py:470} INFO - Processing files using up to 2 processes at a time 
[2026-02-16T17:30:23.011+0000] {manager.py:471} INFO - Process each file at most once every 30 seconds
[2026-02-16T17:30:23.012+0000] {manager.py:472} INFO - Checking for new files in /opt/airflow/dags every 300 seconds
[2026-02-16T17:30:23.012+0000] {manager.py:737} INFO - Searching for files in /opt/airflow/dags
[2026-02-16T17:30:23.013+0000] {manager.py:740} INFO - There are 0 files in /opt/airflow/dags
